Archivo: C:\Users\wachi\OneDrive\Escritorio\AUTOMATAS\Generador\c2.gram
Fecha: 26/11/2022 21:32:21
Gramatica ST
: ST
cplusplus ST

 FinProduccion
Programa ST
-> Produce
# ST
Identificador ST
, ST
Numero ST
Librerias ST

 FinProduccion
Librerias ST
-> Produce
# ST
include ST
< ST
Identificador ST
. ST
h ST
> ST

 FinProduccion
Variables ST
-> Produce
\( PIzq
Identificador ST
\) PDer

 FinProduccion
ListaIdentificadores ST
-> Produce
Numero ST
\( PIzq
Identificador ST
\) PDer
ListaIdentificadores ST
Fin de compilacion
